2021-04-26 17:50:02,024 INFO c.c.Valuta [main] Данные с файла успешно считаны
2021-04-26 17:50:02,052 INFO c.c.GUI [main] Создны тексовые поля
2021-04-26 17:50:02,055 INFO c.c.GUI [main] Созадны кнопки валют
2021-04-26 17:50:05,597 INFO c.c.GUI [AWT-EventQueue-0] Создана копка перевда
2021-04-26 17:50:05,598 INFO c.c.GUI [AWT-EventQueue-0] Данные прошли валидацию
2021-04-26 17:50:05,598 INFO c.c.GUI [AWT-EventQueue-0] Проверка названий валют
2021-04-26 17:50:05,600 INFO c.c.GUI [AWT-EventQueue-0] Запрос на перевод выполнен
2021-04-26 17:50:11,332 INFO c.c.GUI [AWT-EventQueue-0] Создана копка перевда
2021-04-26 17:50:11,332 INFO c.c.GUI [AWT-EventQueue-0] Данные прошли валидацию
2021-04-26 17:50:11,332 INFO c.c.GUI [AWT-EventQueue-0] Проверка названий валют
2021-04-26 17:50:11,333 INFO c.c.GUI [AWT-EventQueue-0] Запрос на перевод выполнен
2021-04-26 17:50:24,144 INFO c.c.GUI [AWT-EventQueue-0] Создана копка перевда
2021-04-26 17:50:24,144 INFO c.c.GUI [AWT-EventQueue-0] Данные прошли валидацию
2021-04-26 17:50:24,144 INFO c.c.GUI [AWT-EventQueue-0] Проверка названий валют
2021-04-26 17:50:24,145 INFO c.c.GUI [AWT-EventQueue-0] Запрос на перевод выполнен
2021-04-26 17:50:31,593 INFO c.c.GUI [AWT-EventQueue-0] Создана копка перевда
2021-04-26 17:50:31,593 INFO c.c.GUI [AWT-EventQueue-0] Данные прошли валидацию
2021-04-26 17:50:31,594 INFO c.c.GUI [AWT-EventQueue-0] Проверка названий валют
2021-04-26 17:50:31,594 INFO c.c.GUI [AWT-EventQueue-0] Запрос на перевод выполнен
2021-04-26 17:50:33,651 INFO c.c.GUI [AWT-EventQueue-0] Создана копка перевда
2021-04-26 17:50:33,651 INFO c.c.GUI [AWT-EventQueue-0] Данные прошли валидацию
2021-04-26 17:50:33,652 INFO c.c.GUI [AWT-EventQueue-0] Проверка названий валют
2021-04-26 17:50:33,653 INFO c.c.GUI [AWT-EventQueue-0] Запрос на перевод выполнен
2021-04-26 17:50:56,239 INFO c.c.Valuta [main] Данные с файла успешно считаны
2021-04-26 17:50:56,271 INFO c.c.GUI [main] Создны тексовые поля
2021-04-26 17:50:56,274 INFO c.c.GUI [main] Созадны кнопки валют
2021-04-26 17:51:02,929 INFO c.c.GUI [AWT-EventQueue-0] Создана копка перевда
2021-04-26 17:51:02,930 INFO c.c.GUI [AWT-EventQueue-0] Данные прошли валидацию
2021-04-26 17:51:02,930 INFO c.c.GUI [AWT-EventQueue-0] Проверка названий валют
2021-04-26 17:51:02,935 INFO c.c.GUI [AWT-EventQueue-0] Запрос на перевод выполнен
2021-04-26 17:52:09,840 INFO c.c.Valuta [main] Данные с файла успешно считаны
2021-04-26 17:52:09,870 INFO c.c.GUI [main] Создны тексовые поля
2021-04-26 17:52:09,873 INFO c.c.GUI [main] Созадны кнопки валют
2021-04-26 17:52:14,490 INFO c.c.GUI [AWT-EventQueue-0] Создана копка перевда
2021-04-26 17:52:14,491 INFO c.c.GUI [AWT-EventQueue-0] Данные прошли валидацию
2021-04-26 17:52:14,491 INFO c.c.GUI [AWT-EventQueue-0] Проверка названий валют
2021-04-26 17:52:14,495 INFO c.c.GUI [AWT-EventQueue-0] Запрос на перевод выполнен
2021-04-26 17:52:22,228 INFO c.c.GUI [AWT-EventQueue-0] Создана копка перевда
2021-04-26 17:52:22,228 INFO c.c.GUI [AWT-EventQueue-0] Данные прошли валидацию
2021-04-26 17:52:22,229 INFO c.c.GUI [AWT-EventQueue-0] Проверка названий валют
2021-04-26 17:52:22,230 INFO c.c.GUI [AWT-EventQueue-0] Запрос на перевод выполнен
